# JRE version: OpenJDK Runtime Environment (8.0_152-b02) (build 1.8.0_152-release-1024-b02)
# Java VM: OpenJDK 64-Bit Server VM (25.152-b02 mixed mode windows-amd64 compressed oops)
Heap:
 PSYoungGen      total 133632K, used 41621K [0x00000000e0000000, 0x00000000eb180000, 0x0000000100000000)
  eden space 116224K, 20% used [0x00000000e0000000,0x00000000e17ccb70,0x00000000e7180000)
  from space 17408K, 99% used [0x00000000e7480000,0x00000000e8558aa0,0x00000000e8580000)
  to   space 32768K, 0% used [0x00000000e9180000,0x00000000e9180000,0x00000000eb180000)
 ParOldGen       total 150016K, used 54130K [0x00000000a0000000, 0x00000000a9280000, 0x00000000e0000000)
  object space 150016K, 36% used [0x00000000a0000000,0x00000000a34dc8c0,0x00000000a9280000)
 Metaspace       used 81178K, capacity 85207K, committed 85464K, reserved 1124352K
  class space    used 10441K, capacity 11196K, committed 11264K, reserved 1048576K
GC Heap History (10 events):
Event: 3083.160 GC heap before
{Heap before GC invocations=22 (full 3):
 PSYoungGen      total 152064K, used 151963K [0x00000000e0000000, 0x00000000ec000000, 0x0000000100000000)
  eden space 132608K, 100% used [0x00000000e0000000,0x00000000e8180000,0x00000000e8180000)
  from space 19456K, 99% used [0x00000000ead00000,0x00000000ebfe6e18,0x00000000ec000000)
  to   space 23552K, 0% used [0x00000000e9200000,0x00000000e9200000,0x00000000ea900000)
 ParOldGen       total 150016K, used 41938K [0x00000000a0000000, 0x00000000a9280000, 0x00000000e0000000)
  object space 150016K, 27% used [0x00000000a0000000,0x00000000a28f4b80,0x00000000a9280000)
 Metaspace       used 79371K, capacity 82883K, committed 83032K, reserved 1122304K
  class space    used 10358K, capacity 11072K, committed 11136K, reserved 1048576K
Event: 3083.200 GC heap after
Heap after GC invocations=22 (full 3):
 PSYoungGen      total 150528K, used 21409K [0x00000000e0000000, 0x00000000eb200000, 0x0000000100000000)
  eden space 129024K, 0% used [0x00000000e0000000,0x00000000e0000000,0x00000000e7e00000)
  from space 21504K, 99% used [0x00000000e9200000,0x00000000ea6e8408,0x00000000ea700000)
  to   space 11264K, 0% used [0x00000000ea700000,0x00000000ea700000,0x00000000eb200000)
 ParOldGen       total 150016K, used 41954K [0x00000000a0000000, 0x00000000a9280000, 0x00000000e0000000)
  object space 150016K, 27% used [0x00000000a0000000,0x00000000a28f8b80,0x00000000a9280000)
 Metaspace       used 79371K, capacity 82883K, committed 83032K, reserved 1122304K
  class space    used 10358K, capacity 11072K, committed 11136K, reserved 1048576K
}
Event: 3087.872 GC heap before
{Heap before GC invocations=23 (full 3):
 PSYoungGen      total 150528K, used 149820K [0x00000000e0000000, 0x00000000eb200000, 0x0000000100000000)
  eden space 129024K, 99% used [0x00000000e0000000,0x00000000e7d66c20,0x00000000e7e00000)
  from space 21504K, 99% used [0x00000000e9200000,0x00000000ea6e8408,0x00000000ea700000)
  to   space 11264K, 0% used [0x00000000ea700000,0x00000000ea700000,0x00000000eb200000)
 ParOldGen       total 150016K, used 41954K [0x00000000a0000000, 0x00000000a9280000, 0x00000000e0000000)
  object space 150016K, 27% used [0x00000000a0000000,0x00000000a28f8b80,0x00000000a9280000)
 Metaspace       used 79974K, capacity 83565K, committed 83800K, reserved 1122304K
  class space    used 10372K, capacity 11097K, committed 11136K, reserved 1048576K
Event: 3087.930 GC heap after
Heap after GC invocations=23 (full 3):
 PSYoungGen      total 136704K, used 11254K [0x00000000e0000000, 0x00000000eb280000, 0x0000000100000000)
  eden space 125440K, 0% used [0x00000000e0000000,0x00000000e0000000,0x00000000e7a80000)
  from space 11264K, 99% used [0x00000000ea700000,0x00000000eb1fd8d0,0x00000000eb200000)
  to   space 28672K, 0% used [0x00000000e7a80000,0x00000000e7a80000,0x00000000e9680000)
 ParOldGen       total 150016K, used 52854K [0x00000000a0000000, 0x00000000a9280000, 0x00000000e0000000)
  object space 150016K, 35% used [0x00000000a0000000,0x00000000a339d9e0,0x00000000a9280000)
 Metaspace       used 79974K, capacity 83565K, committed 83800K, reserved 1122304K
  class space    used 10372K, capacity 11097K, committed 11136K, reserved 1048576K
}
Event: 5512.015 GC heap before
{Heap before GC invocations=24 (full 3):
 PSYoungGen      total 136704K, used 136401K [0x00000000e0000000, 0x00000000eb280000, 0x0000000100000000)
  eden space 125440K, 99% used [0x00000000e0000000,0x00000000e7a36c08,0x00000000e7a80000)
  from space 11264K, 99% used [0x00000000ea700000,0x00000000eb1fd8d0,0x00000000eb200000)
  to   space 28672K, 0% used [0x00000000e7a80000,0x00000000e7a80000,0x00000000e9680000)
 ParOldGen       total 150016K, used 52854K [0x00000000a0000000, 0x00000000a9280000, 0x00000000e0000000)
  object space 150016K, 35% used [0x00000000a0000000,0x00000000a339d9e0,0x00000000a9280000)
 Metaspace       used 80361K, capacity 84257K, committed 84440K, reserved 1122304K
  class space    used 10410K, capacity 11169K, committed 11264K, reserved 1048576K
Event: 5512.148 GC heap after
Heap after GC invocations=24 (full 3):
 PSYoungGen      total 151040K, used 28666K [0x00000000e0000000, 0x00000000eb880000, 0x0000000100000000)
  eden space 122368K, 0% used [0x00000000e0000000,0x00000000e0000000,0x00000000e7780000)
  from space 28672K, 99% used [0x00000000e7a80000,0x00000000e967eac8,0x00000000e9680000)
  to   space 33280K, 0% used [0x00000000e9800000,0x00000000e9800000,0x00000000eb880000)
 ParOldGen       total 150016K, used 53440K [0x00000000a0000000, 0x00000000a9280000, 0x00000000e0000000)
  object space 150016K, 35% used [0x00000000a0000000,0x00000000a3430390,0x00000000a9280000)
 Metaspace       used 80361K, capacity 84257K, committed 84440K, reserved 1122304K
  class space    used 10410K, capacity 11169K, committed 11264K, reserved 1048576K
}
Event: 5729.556 GC heap before
{Heap before GC invocations=25 (full 3):
 PSYoungGen      total 151040K, used 151034K [0x00000000e0000000, 0x00000000eb880000, 0x0000000100000000)
  eden space 122368K, 100% used [0x00000000e0000000,0x00000000e7780000,0x00000000e7780000)
  from space 28672K, 99% used [0x00000000e7a80000,0x00000000e967eac8,0x00000000e9680000)
  to   space 33280K, 0% used [0x00000000e9800000,0x00000000e9800000,0x00000000eb880000)
 ParOldGen       total 150016K, used 53440K [0x00000000a0000000, 0x00000000a9280000, 0x00000000e0000000)
  object space 150016K, 35% used [0x00000000a0000000,0x00000000a3430390,0x00000000a9280000)
 Metaspace       used 80668K, capacity 84591K, committed 84696K, reserved 1122304K
  class space    used 10437K, capacity 11192K, committed 11264K, reserved 1048576K
Event: 5729.668 GC heap after
Heap after GC invocations=25 (full 3):
 PSYoungGen      total 150528K, used 20947K [0x00000000e0000000, 0x00000000eb680000, 0x0000000100000000)
  eden space 119296K, 0% used [0x00000000e0000000,0x00000000e0000000,0x00000000e7480000)
  from space 31232K, 67% used [0x00000000e9800000,0x00000000eac74f40,0x00000000eb680000)
  to   space 33792K, 0% used [0x00000000e7480000,0x00000000e7480000,0x00000000e9580000)
 ParOldGen       total 150016K, used 54122K [0x00000000a0000000, 0x00000000a9280000, 0x00000000e0000000)
  object space 150016K, 36% used [0x00000000a0000000,0x00000000a34da8c0,0x00000000a9280000)
 Metaspace       used 80668K, capacity 84591K, committed 84696K, reserved 1122304K
  class space    used 10437K, capacity 11192K, committed 11264K, reserved 1048576K
}
Event: 5738.143 GC heap before
{Heap before GC invocations=26 (full 3):
 PSYoungGen      total 150528K, used 140243K [0x00000000e0000000, 0x00000000eb680000, 0x0000000100000000)
  eden space 119296K, 100% used [0x00000000e0000000,0x00000000e7480000,0x00000000e7480000)
  from space 31232K, 67% used [0x00000000e9800000,0x00000000eac74f40,0x00000000eb680000)
  to   space 33792K, 0% used [0x00000000e7480000,0x00000000e7480000,0x00000000e9580000)
 ParOldGen       total 150016K, used 54122K [0x00000000a0000000, 0x00000000a9280000, 0x00000000e0000000)
  object space 150016K, 36% used [0x00000000a0000000,0x00000000a34da8c0,0x00000000a9280000)
 Metaspace       used 81137K, capacity 85139K, committed 85464K, reserved 1124352K
  class space    used 10440K, capacity 11196K, committed 11264K, reserved 1048576K
Event: 5738.203 GC heap after
Heap after GC invocations=26 (full 3):
 PSYoungGen      total 133632K, used 17250K [0x00000000e0000000, 0x00000000eb180000, 0x0000000100000000)
  eden space 116224K, 0% used [0x00000000e0000000,0x00000000e0000000,0x00000000e7180000)
  from space 17408K, 99% used [0x00000000e7480000,0x00000000e8558aa0,0x00000000e8580000)
  to   space 32768K, 0% used [0x00000000e9180000,0x00000000e9180000,0x00000000eb180000)
 ParOldGen       total 150016K, used 54130K [0x00000000a0000000, 0x00000000a9280000, 0x00000000e0000000)
  object space 150016K, 36% used [0x00000000a0000000,0x00000000a34dc8c0,0x00000000a9280000)
 Metaspace       used 81137K, capacity 85139K, committed 85464K, reserved 1124352K
  class space    used 10440K, capacity 11196K, committed 11264K, reserved 1048576K
}

