# JRE version: OpenJDK Runtime Environment (8.0_152-b01) (build 1.8.0_152-release-915-b01)
# Java VM: OpenJDK 64-Bit Server VM (25.152-b01 mixed mode windows-amd64 compressed oops)
Heap:
 PSYoungGen      total 161280K, used 24573K [0x00000000e0000000, 0x00000000ed680000, 0x0000000100000000)
  eden space 132608K, 0% used [0x00000000e0000000,0x00000000e0000000,0x00000000e8180000)
  from space 28672K, 85% used [0x00000000ea080000,0x00000000eb87f520,0x00000000ebc80000)
  to   space 31744K, 0% used [0x00000000e8180000,0x00000000e8180000,0x00000000ea080000)
 ParOldGen       total 106496K, used 31172K [0x00000000a0000000, 0x00000000a6800000, 0x00000000e0000000)
  object space 106496K, 29% used [0x00000000a0000000,0x00000000a1e712d0,0x00000000a6800000)
 Metaspace       used 56674K, capacity 58960K, committed 59028K, reserved 1099776K
  class space    used 7749K, capacity 8380K, committed 8448K, reserved 1048576K
GC Heap History (10 events):
Event: 87.113 GC heap after
Heap after GC invocations=14 (full 2):
 PSYoungGen      total 98304K, used 13284K [0x00000000e0000000, 0x00000000e7480000, 0x0000000100000000)
  eden space 84992K, 0% used [0x00000000e0000000,0x00000000e0000000,0x00000000e5300000)
  from space 13312K, 99% used [0x00000000e6200000,0x00000000e6ef9340,0x00000000e6f00000)
  to   space 15360K, 0% used [0x00000000e5300000,0x00000000e5300000,0x00000000e6200000)
 ParOldGen       total 106496K, used 17139K [0x00000000a0000000, 0x00000000a6800000, 0x00000000e0000000)
  object space 106496K, 16% used [0x00000000a0000000,0x00000000a10bccf0,0x00000000a6800000)
 Metaspace       used 47653K, capacity 48766K, committed 48984K, reserved 1091584K
  class space    used 6378K, capacity 6766K, committed 6784K, reserved 1048576K
}
Event: 94.134 GC heap before
{Heap before GC invocations=15 (full 2):
 PSYoungGen      total 98304K, used 98276K [0x00000000e0000000, 0x00000000e7480000, 0x0000000100000000)
  eden space 84992K, 100% used [0x00000000e0000000,0x00000000e5300000,0x00000000e5300000)
  from space 13312K, 99% used [0x00000000e6200000,0x00000000e6ef9340,0x00000000e6f00000)
  to   space 15360K, 0% used [0x00000000e5300000,0x00000000e5300000,0x00000000e6200000)
 ParOldGen       total 106496K, used 17139K [0x00000000a0000000, 0x00000000a6800000, 0x00000000e0000000)
  object space 106496K, 16% used [0x00000000a0000000,0x00000000a10bccf0,0x00000000a6800000)
 Metaspace       used 53227K, capacity 54930K, committed 55128K, reserved 1097728K
  class space    used 7236K, capacity 7731K, committed 7808K, reserved 1048576K
Event: 94.166 GC heap after
Heap after GC invocations=15 (full 2):
 PSYoungGen      total 100352K, used 15341K [0x00000000e0000000, 0x00000000e8d00000, 0x0000000100000000)
  eden space 84992K, 0% used [0x00000000e0000000,0x00000000e0000000,0x00000000e5300000)
  from space 15360K, 99% used [0x00000000e5300000,0x00000000e61fb4f0,0x00000000e6200000)
  to   space 18944K, 0% used [0x00000000e7a80000,0x00000000e7a80000,0x00000000e8d00000)
 ParOldGen       total 106496K, used 21337K [0x00000000a0000000, 0x00000000a6800000, 0x00000000e0000000)
  object space 106496K, 20% used [0x00000000a0000000,0x00000000a14d66e0,0x00000000a6800000)
 Metaspace       used 53227K, capacity 54930K, committed 55128K, reserved 1097728K
  class space    used 7236K, capacity 7731K, committed 7808K, reserved 1048576K
}
Event: 97.102 GC heap before
{Heap before GC invocations=16 (full 2):
 PSYoungGen      total 100352K, used 100333K [0x00000000e0000000, 0x00000000e8d00000, 0x0000000100000000)
  eden space 84992K, 100% used [0x00000000e0000000,0x00000000e5300000,0x00000000e5300000)
  from space 15360K, 99% used [0x00000000e5300000,0x00000000e61fb4f0,0x00000000e6200000)
  to   space 18944K, 0% used [0x00000000e7a80000,0x00000000e7a80000,0x00000000e8d00000)
 ParOldGen       total 106496K, used 21337K [0x00000000a0000000, 0x00000000a6800000, 0x00000000e0000000)
  object space 106496K, 20% used [0x00000000a0000000,0x00000000a14d66e0,0x00000000a6800000)
 Metaspace       used 54827K, capacity 56898K, committed 57048K, reserved 1097728K
  class space    used 7526K, capacity 8097K, committed 8192K, reserved 1048576K
Event: 97.188 GC heap after
Heap after GC invocations=16 (full 2):
 PSYoungGen      total 120320K, used 18925K [0x00000000e0000000, 0x00000000ea080000, 0x0000000100000000)
  eden space 101376K, 0% used [0x00000000e0000000,0x00000000e0000000,0x00000000e6300000)
  from space 18944K, 99% used [0x00000000e7a80000,0x00000000e8cfb4f0,0x00000000e8d00000)
  to   space 24064K, 0% used [0x00000000e6300000,0x00000000e6300000,0x00000000e7a80000)
 ParOldGen       total 106496K, used 28234K [0x00000000a0000000, 0x00000000a6800000, 0x00000000e0000000)
  object space 106496K, 26% used [0x00000000a0000000,0x00000000a1b92b70,0x00000000a6800000)
 Metaspace       used 54827K, capacity 56898K, committed 57048K, reserved 1097728K
  class space    used 7526K, capacity 8097K, committed 8192K, reserved 1048576K
}
Event: 108.246 GC heap before
{Heap before GC invocations=17 (full 2):
 PSYoungGen      total 120320K, used 120301K [0x00000000e0000000, 0x00000000ea080000, 0x0000000100000000)
  eden space 101376K, 100% used [0x00000000e0000000,0x00000000e6300000,0x00000000e6300000)
  from space 18944K, 99% used [0x00000000e7a80000,0x00000000e8cfb4f0,0x00000000e8d00000)
  to   space 24064K, 0% used [0x00000000e6300000,0x00000000e6300000,0x00000000e7a80000)
 ParOldGen       total 106496K, used 28234K [0x00000000a0000000, 0x00000000a6800000, 0x00000000e0000000)
  object space 106496K, 26% used [0x00000000a0000000,0x00000000a1b92b70,0x00000000a6800000)
 Metaspace       used 56421K, capacity 58586K, committed 58712K, reserved 1099776K
  class space    used 7714K, capacity 8317K, committed 8320K, reserved 1048576K
Event: 108.295 GC heap after
Heap after GC invocations=17 (full 2):
 PSYoungGen      total 125440K, used 24061K [0x00000000e0000000, 0x00000000ebc80000, 0x0000000100000000)
  eden space 101376K, 0% used [0x00000000e0000000,0x00000000e0000000,0x00000000e6300000)
  from space 24064K, 99% used [0x00000000e6300000,0x00000000e7a7f4e0,0x00000000e7a80000)
  to   space 28672K, 0% used [0x00000000ea080000,0x00000000ea080000,0x00000000ebc80000)
 ParOldGen       total 106496K, used 31164K [0x00000000a0000000, 0x00000000a6800000, 0x00000000e0000000)
  object space 106496K, 29% used [0x00000000a0000000,0x00000000a1e6f2d0,0x00000000a6800000)
 Metaspace       used 56421K, capacity 58586K, committed 58712K, reserved 1099776K
  class space    used 7714K, capacity 8317K, committed 8320K, reserved 1048576K
}
Event: 108.475 GC heap before
{Heap before GC invocations=18 (full 2):
 PSYoungGen      total 125440K, used 27537K [0x00000000e0000000, 0x00000000ebc80000, 0x0000000100000000)
  eden space 101376K, 3% used [0x00000000e0000000,0x00000000e03652b8,0x00000000e6300000)
  from space 24064K, 99% used [0x00000000e6300000,0x00000000e7a7f4e0,0x00000000e7a80000)
  to   space 28672K, 0% used [0x00000000ea080000,0x00000000ea080000,0x00000000ebc80000)
 ParOldGen       total 106496K, used 31164K [0x00000000a0000000, 0x00000000a6800000, 0x00000000e0000000)
  object space 106496K, 29% used [0x00000000a0000000,0x00000000a1e6f2d0,0x00000000a6800000)
 Metaspace       used 56674K, capacity 58960K, committed 59028K, reserved 1099776K
  class space    used 7749K, capacity 8380K, committed 8448K, reserved 1048576K
Event: 108.528 GC heap after
Heap after GC invocations=18 (full 2):
 PSYoungGen      total 161280K, used 24573K [0x00000000e0000000, 0x00000000ed680000, 0x0000000100000000)
  eden space 132608K, 0% used [0x00000000e0000000,0x00000000e0000000,0x00000000e8180000)
  from space 28672K, 85% used [0x00000000ea080000,0x00000000eb87f520,0x00000000ebc80000)
  to   space 31744K, 0% used [0x00000000e8180000,0x00000000e8180000,0x00000000ea080000)
 ParOldGen       total 106496K, used 31172K [0x00000000a0000000, 0x00000000a6800000, 0x00000000e0000000)
  object space 106496K, 29% used [0x00000000a0000000,0x00000000a1e712d0,0x00000000a6800000)
 Metaspace       used 56674K, capacity 58960K, committed 59028K, reserved 1099776K
  class space    used 7749K, capacity 8380K, committed 8448K, reserved 1048576K
}
Event: 108.528 GC heap before
{Heap before GC invocations=19 (full 3):
 PSYoungGen      total 161280K, used 24573K [0x00000000e0000000, 0x00000000ed680000, 0x0000000100000000)
  eden space 132608K, 0% used [0x00000000e0000000,0x00000000e0000000,0x00000000e8180000)
  from space 28672K, 85% used [0x00000000ea080000,0x00000000eb87f520,0x00000000ebc80000)
  to   space 31744K, 0% used [0x00000000e8180000,0x00000000e8180000,0x00000000ea080000)
 ParOldGen       total 106496K, used 31172K [0x00000000a0000000, 0x00000000a6800000, 0x00000000e0000000)
  object space 106496K, 29% used [0x00000000a0000000,0x00000000a1e712d0,0x00000000a6800000)
 Metaspace       used 56674K, capacity 58960K, committed 59028K, reserved 1099776K
  class space    used 7749K, capacity 8380K, committed 8448K, reserved 1048576K

