# JRE version: OpenJDK Runtime Environment (8.0_152-b01) (build 1.8.0_152-release-915-b01)
# Java VM: OpenJDK 64-Bit Server VM (25.152-b01 mixed mode windows-amd64 compressed oops)
Heap:
 PSYoungGen      total 155648K, used 104881K [0x00000000e0000000, 0x00000000eb600000, 0x0000000100000000)
  eden space 139776K, 63% used [0x00000000e0000000,0x00000000e56ed218,0x00000000e8880000)
  from space 15872K, 99% used [0x00000000e9c80000,0x00000000eabff4e0,0x00000000eac00000)
  to   space 20480K, 0% used [0x00000000e8880000,0x00000000e8880000,0x00000000e9c80000)
 ParOldGen       total 108032K, used 25491K [0x00000000a0000000, 0x00000000a6980000, 0x00000000e0000000)
  object space 108032K, 23% used [0x00000000a0000000,0x00000000a18e4de8,0x00000000a6980000)
 Metaspace       used 55298K, capacity 57520K, committed 57728K, reserved 1099776K
  class space    used 7609K, capacity 8207K, committed 8320K, reserved 1048576K
GC Heap History (10 events):
Event: 21.959 GC heap before
{Heap before GC invocations=8 (full 1):
 PSYoungGen      total 101376K, used 74606K [0x00000000e0000000, 0x00000000e6f00000, 0x0000000100000000)
  eden space 91136K, 71% used [0x00000000e0000000,0x00000000e3f393a0,0x00000000e5900000)
  from space 10240K, 96% used [0x00000000e6480000,0x00000000e6e224a8,0x00000000e6e80000)
  to   space 11264K, 0% used [0x00000000e5900000,0x00000000e5900000,0x00000000e6400000)
 ParOldGen       total 67072K, used 10575K [0x00000000a0000000, 0x00000000a4180000, 0x00000000e0000000)
  object space 67072K, 15% used [0x00000000a0000000,0x00000000a0a53c70,0x00000000a4180000)
 Metaspace       used 34443K, capacity 35176K, committed 35416K, reserved 1079296K
  class space    used 4694K, capacity 4970K, committed 4992K, reserved 1048576K
Event: 21.979 GC heap after
Heap after GC invocations=8 (full 1):
 PSYoungGen      total 102400K, used 10381K [0x00000000e0000000, 0x00000000e8d80000, 0x0000000100000000)
  eden space 91136K, 0% used [0x00000000e0000000,0x00000000e0000000,0x00000000e5900000)
  from space 11264K, 92% used [0x00000000e5900000,0x00000000e6323778,0x00000000e6400000)
  to   space 12288K, 0% used [0x00000000e8180000,0x00000000e8180000,0x00000000e8d80000)
 ParOldGen       total 67072K, used 10647K [0x00000000a0000000, 0x00000000a4180000, 0x00000000e0000000)
  object space 67072K, 15% used [0x00000000a0000000,0x00000000a0a65c80,0x00000000a4180000)
 Metaspace       used 34443K, capacity 35176K, committed 35416K, reserved 1079296K
  class space    used 4694K, capacity 4970K, committed 4992K, reserved 1048576K
}
Event: 21.980 GC heap before
{Heap before GC invocations=9 (full 2):
 PSYoungGen      total 102400K, used 10381K [0x00000000e0000000, 0x00000000e8d80000, 0x0000000100000000)
  eden space 91136K, 0% used [0x00000000e0000000,0x00000000e0000000,0x00000000e5900000)
  from space 11264K, 92% used [0x00000000e5900000,0x00000000e6323778,0x00000000e6400000)
  to   space 12288K, 0% used [0x00000000e8180000,0x00000000e8180000,0x00000000e8d80000)
 ParOldGen       total 67072K, used 10647K [0x00000000a0000000, 0x00000000a4180000, 0x00000000e0000000)
  object space 67072K, 15% used [0x00000000a0000000,0x00000000a0a65c80,0x00000000a4180000)
 Metaspace       used 34443K, capacity 35176K, committed 35416K, reserved 1079296K
  class space    used 4694K, capacity 4970K, committed 4992K, reserved 1048576K
Event: 22.140 GC heap after
Heap after GC invocations=9 (full 2):
 PSYoungGen      total 102400K, used 0K [0x00000000e0000000, 0x00000000e8d80000, 0x0000000100000000)
  eden space 91136K, 0% used [0x00000000e0000000,0x00000000e0000000,0x00000000e5900000)
  from space 11264K, 0% used [0x00000000e5900000,0x00000000e5900000,0x00000000e6400000)
  to   space 12288K, 0% used [0x00000000e8180000,0x00000000e8180000,0x00000000e8d80000)
 ParOldGen       total 108032K, used 16497K [0x00000000a0000000, 0x00000000a6980000, 0x00000000e0000000)
  object space 108032K, 15% used [0x00000000a0000000,0x00000000a101c5f8,0x00000000a6980000)
 Metaspace       used 34443K, capacity 35176K, committed 35416K, reserved 1079296K
  class space    used 4694K, capacity 4970K, committed 4992K, reserved 1048576K
}
Event: 26.162 GC heap before
{Heap before GC invocations=10 (full 2):
 PSYoungGen      total 102400K, used 91136K [0x00000000e0000000, 0x00000000e8d80000, 0x0000000100000000)
  eden space 91136K, 100% used [0x00000000e0000000,0x00000000e5900000,0x00000000e5900000)
  from space 11264K, 0% used [0x00000000e5900000,0x00000000e5900000,0x00000000e6400000)
  to   space 12288K, 0% used [0x00000000e8180000,0x00000000e8180000,0x00000000e8d80000)
 ParOldGen       total 108032K, used 16497K [0x00000000a0000000, 0x00000000a6980000, 0x00000000e0000000)
  object space 108032K, 15% used [0x00000000a0000000,0x00000000a101c5f8,0x00000000a6980000)
 Metaspace       used 41429K, capacity 42230K, committed 42496K, reserved 1085440K
  class space    used 5527K, capacity 5838K, committed 5888K, reserved 1048576K
Event: 26.188 GC heap after
Heap after GC invocations=10 (full 2):
 PSYoungGen      total 131072K, used 12042K [0x00000000e0000000, 0x00000000e9480000, 0x0000000100000000)
  eden space 118784K, 0% used [0x00000000e0000000,0x00000000e0000000,0x00000000e7400000)
  from space 12288K, 98% used [0x00000000e8180000,0x00000000e8d42b08,0x00000000e8d80000)
  to   space 13824K, 0% used [0x00000000e7400000,0x00000000e7400000,0x00000000e8180000)
 ParOldGen       total 108032K, used 16505K [0x00000000a0000000, 0x00000000a6980000, 0x00000000e0000000)
  object space 108032K, 15% used [0x00000000a0000000,0x00000000a101e5f8,0x00000000a6980000)
 Metaspace       used 41429K, capacity 42230K, committed 42496K, reserved 1085440K
  class space    used 5527K, capacity 5838K, committed 5888K, reserved 1048576K
}
Event: 30.050 GC heap before
{Heap before GC invocations=11 (full 2):
 PSYoungGen      total 131072K, used 130826K [0x00000000e0000000, 0x00000000e9480000, 0x0000000100000000)
  eden space 118784K, 100% used [0x00000000e0000000,0x00000000e7400000,0x00000000e7400000)
  from space 12288K, 98% used [0x00000000e8180000,0x00000000e8d42b08,0x00000000e8d80000)
  to   space 13824K, 0% used [0x00000000e7400000,0x00000000e7400000,0x00000000e8180000)
 ParOldGen       total 108032K, used 16505K [0x00000000a0000000, 0x00000000a6980000, 0x00000000e0000000)
  object space 108032K, 15% used [0x00000000a0000000,0x00000000a101e5f8,0x00000000a6980000)
 Metaspace       used 47989K, capacity 49182K, committed 49408K, reserved 1091584K
  class space    used 6407K, capacity 6812K, committed 6912K, reserved 1048576K
Event: 30.075 GC heap after
Heap after GC invocations=11 (full 2):
 PSYoungGen      total 132608K, used 13803K [0x00000000e0000000, 0x00000000eac00000, 0x0000000100000000)
  eden space 118784K, 0% used [0x00000000e0000000,0x00000000e0000000,0x00000000e7400000)
  from space 13824K, 99% used [0x00000000e7400000,0x00000000e817aea8,0x00000000e8180000)
  to   space 15872K, 0% used [0x00000000e9c80000,0x00000000e9c80000,0x00000000eac00000)
 ParOldGen       total 108032K, used 17973K [0x00000000a0000000, 0x00000000a6980000, 0x00000000e0000000)
  object space 108032K, 16% used [0x00000000a0000000,0x00000000a118d7f8,0x00000000a6980000)
 Metaspace       used 47989K, capacity 49182K, committed 49408K, reserved 1091584K
  class space    used 6407K, capacity 6812K, committed 6912K, reserved 1048576K
}
Event: 33.950 GC heap before
{Heap before GC invocations=12 (full 2):
 PSYoungGen      total 132608K, used 132587K [0x00000000e0000000, 0x00000000eac00000, 0x0000000100000000)
  eden space 118784K, 100% used [0x00000000e0000000,0x00000000e7400000,0x00000000e7400000)
  from space 13824K, 99% used [0x00000000e7400000,0x00000000e817aea8,0x00000000e8180000)
  to   space 15872K, 0% used [0x00000000e9c80000,0x00000000e9c80000,0x00000000eac00000)
 ParOldGen       total 108032K, used 17973K [0x00000000a0000000, 0x00000000a6980000, 0x00000000e0000000)
  object space 108032K, 16% used [0x00000000a0000000,0x00000000a118d7f8,0x00000000a6980000)
 Metaspace       used 53899K, capacity 55684K, committed 55808K, reserved 1097728K
  class space    used 7360K, capacity 7842K, committed 7936K, reserved 1048576K
Event: 33.985 GC heap after
Heap after GC invocations=12 (full 2):
 PSYoungGen      total 155648K, used 15869K [0x00000000e0000000, 0x00000000eb600000, 0x0000000100000000)
  eden space 139776K, 0% used [0x00000000e0000000,0x00000000e0000000,0x00000000e8880000)
  from space 15872K, 99% used [0x00000000e9c80000,0x00000000eabff4e0,0x00000000eac00000)
  to   space 20480K, 0% used [0x00000000e8880000,0x00000000e8880000,0x00000000e9c80000)
 ParOldGen       total 108032K, used 25491K [0x00000000a0000000, 0x00000000a6980000, 0x00000000e0000000)
  object space 108032K, 23% used [0x00000000a0000000,0x00000000a18e4de8,0x00000000a6980000)
 Metaspace       used 53899K, capacity 55684K, committed 55808K, reserved 1097728K
  class space    used 7360K, capacity 7842K, committed 7936K, reserved 1048576K
}

